22:29:37.352 [main] INFO  testCases.TC_003_LoginDataDrivenTest -  Starting TC_003_LoginDataDrivenTest 
22:29:37.499 [main] INFO  testCases.TC_003_LoginDataDrivenTest -  clicked on  homepage myaccount 
22:29:38.442 [main] INFO  testCases.TC_003_LoginDataDrivenTest -  clicked on homepage login 
22:29:40.110 [main] INFO  testCases.TC_003_LoginDataDrivenTest -  clicked on loginpage login 
22:29:41.391 [main] INFO  testCases.TC_003_LoginDataDrivenTest -  clicked  on logout on myaccount 
22:29:41.396 [main] INFO  testCases.TC_003_LoginDataDrivenTest -  Finished TC_003_LoginDataDrivenTest
22:29:41.422 [main] INFO  testCases.TC_003_LoginDataDrivenTest -  Starting TC_003_LoginDataDrivenTest 
22:29:41.515 [main] INFO  testCases.TC_003_LoginDataDrivenTest -  clicked on  homepage myaccount 
22:29:42.363 [main] INFO  testCases.TC_003_LoginDataDrivenTest -  clicked on homepage login 
22:29:43.681 [main] INFO  testCases.TC_003_LoginDataDrivenTest -  clicked on loginpage login 
22:29:53.773 [main] INFO  testCases.TC_003_LoginDataDrivenTest -  Finished TC_003_LoginDataDrivenTest
22:29:53.784 [main] INFO  testCases.TC_003_LoginDataDrivenTest -  Starting TC_003_LoginDataDrivenTest 
22:29:53.891 [main] INFO  testCases.TC_003_LoginDataDrivenTest -  clicked on  homepage myaccount 
22:29:54.561 [main] INFO  testCases.TC_003_LoginDataDrivenTest -  clicked on homepage login 
22:29:56.053 [main] INFO  testCases.TC_003_LoginDataDrivenTest -  clicked on loginpage login 
22:30:06.107 [main] INFO  testCases.TC_003_LoginDataDrivenTest -  Finished TC_003_LoginDataDrivenTest
22:30:06.118 [main] INFO  testCases.TC_003_LoginDataDrivenTest -  Starting TC_003_LoginDataDrivenTest 
22:30:06.321 [main] INFO  testCases.TC_003_LoginDataDrivenTest -  clicked on  homepage myaccount 
22:30:06.877 [main] INFO  testCases.TC_003_LoginDataDrivenTest -  clicked on homepage login 
22:30:07.919 [main] INFO  testCases.TC_003_LoginDataDrivenTest -  clicked on loginpage login 
22:30:17.959 [main] INFO  testCases.TC_003_LoginDataDrivenTest -  Finished TC_003_LoginDataDrivenTest
22:30:17.968 [main] INFO  testCases.TC_003_LoginDataDrivenTest -  Starting TC_003_LoginDataDrivenTest 
22:30:18.162 [main] INFO  testCases.TC_003_LoginDataDrivenTest -  clicked on  homepage myaccount 
22:30:18.849 [main] INFO  testCases.TC_003_LoginDataDrivenTest -  clicked on homepage login 
22:30:20.094 [main] INFO  testCases.TC_003_LoginDataDrivenTest -  clicked on loginpage login 
22:30:20.946 [main] INFO  testCases.TC_003_LoginDataDrivenTest -  clicked  on logout on myaccount 
22:30:20.946 [main] INFO  testCases.TC_003_LoginDataDrivenTest -  Finished TC_003_LoginDataDrivenTest
22:31:36.593 [main] INFO  testCases.TC_003_LoginDataDrivenTest -  Starting TC_003_LoginDataDrivenTest 
22:31:36.888 [main] INFO  testCases.TC_003_LoginDataDrivenTest -  clicked on  homepage myaccount 
22:31:37.863 [main] INFO  testCases.TC_003_LoginDataDrivenTest -  clicked on homepage login 
22:31:39.390 [main] INFO  testCases.TC_003_LoginDataDrivenTest -  clicked on loginpage login 
22:31:40.818 [main] INFO  testCases.TC_003_LoginDataDrivenTest -  clicked  on logout3 on myaccount 
22:31:40.824 [main] INFO  testCases.TC_003_LoginDataDrivenTest -  Finished TC_003_LoginDataDrivenTest
22:31:40.849 [main] INFO  testCases.TC_003_LoginDataDrivenTest -  Starting TC_003_LoginDataDrivenTest 
22:31:40.945 [main] INFO  testCases.TC_003_LoginDataDrivenTest -  clicked on  homepage myaccount 
22:31:41.874 [main] INFO  testCases.TC_003_LoginDataDrivenTest -  clicked on homepage login 
22:31:42.863 [main] INFO  testCases.TC_003_LoginDataDrivenTest -  clicked on loginpage login 
22:31:52.931 [main] INFO  testCases.TC_003_LoginDataDrivenTest -  Finished TC_003_LoginDataDrivenTest
22:31:52.954 [main] INFO  testCases.TC_003_LoginDataDrivenTest -  Starting TC_003_LoginDataDrivenTest 
22:31:53.050 [main] INFO  testCases.TC_003_LoginDataDrivenTest -  clicked on  homepage myaccount 
22:31:53.605 [main] INFO  testCases.TC_003_LoginDataDrivenTest -  clicked on homepage login 
22:31:54.674 [main] INFO  testCases.TC_003_LoginDataDrivenTest -  clicked on loginpage login 
22:32:04.745 [main] INFO  testCases.TC_003_LoginDataDrivenTest -  Finished TC_003_LoginDataDrivenTest
22:32:04.756 [main] INFO  testCases.TC_003_LoginDataDrivenTest -  Starting TC_003_LoginDataDrivenTest 
22:32:04.881 [main] INFO  testCases.TC_003_LoginDataDrivenTest -  clicked on  homepage myaccount 
22:32:05.425 [main] INFO  testCases.TC_003_LoginDataDrivenTest -  clicked on homepage login 
22:32:06.359 [main] INFO  testCases.TC_003_LoginDataDrivenTest -  clicked on loginpage login 
22:32:16.407 [main] INFO  testCases.TC_003_LoginDataDrivenTest -  Finished TC_003_LoginDataDrivenTest
22:32:16.415 [main] INFO  testCases.TC_003_LoginDataDrivenTest -  Starting TC_003_LoginDataDrivenTest 
22:32:16.539 [main] INFO  testCases.TC_003_LoginDataDrivenTest -  clicked on  homepage myaccount 
22:32:17.201 [main] INFO  testCases.TC_003_LoginDataDrivenTest -  clicked on homepage login 
22:32:18.567 [main] INFO  testCases.TC_003_LoginDataDrivenTest -  clicked on loginpage login 
22:32:19.652 [main] INFO  testCases.TC_003_LoginDataDrivenTest -  clicked  on logout3 on myaccount 
22:32:19.653 [main] INFO  testCases.TC_003_LoginDataDrivenTest -  Finished TC_003_LoginDataDrivenTest
00:09:36.362 [main] INFO  testCases.TC_001_AccountRegistrationTest - ***  Starting TC_001_AccountRegistrationTest ***
00:09:38.421 [main] INFO  testCases.TC_001_AccountRegistrationTest - Clicked on My account link
00:09:40.070 [main] INFO  testCases.TC_001_AccountRegistrationTest - Clicked on register link
00:09:40.075 [main] INFO  testCases.TC_001_AccountRegistrationTest - Providing customer data
00:09:44.169 [main] INFO  testCases.TC_001_AccountRegistrationTest - Clicked on continue
00:09:44.343 [main] INFO  testCases.TC_001_AccountRegistrationTest - Validating expected message
00:09:44.346 [main] INFO  testCases.TC_001_AccountRegistrationTest - ***  Finished TC_001_AccountRegistrationTest ***
00:09:52.156 [main] INFO  testCases.TC_002_LoginTest - Starting TC_002_LoginTest
00:09:54.925 [main] INFO  testCases.TC_002_LoginTest - clicked on my account
00:09:56.288 [main] INFO  testCases.TC_002_LoginTest - clicked on login link
00:09:57.846 [main] INFO  testCases.TC_002_LoginTest - clicked on login button
00:09:57.926 [main] INFO  testCases.TC_002_LoginTest -  Finished TC_002_LoginTest
00:10:56.035 [main] INFO  testCases.TC_002_LoginTest - Starting TC_002_LoginTest
00:10:57.803 [main] INFO  testCases.TC_002_LoginTest - clicked on my account
00:10:58.505 [main] INFO  testCases.TC_002_LoginTest - clicked on login link
00:10:59.809 [main] INFO  testCases.TC_002_LoginTest - clicked on login button
00:10:59.896 [main] INFO  testCases.TC_002_LoginTest -  Finished TC_002_LoginTest
00:21:56.446 [main] INFO  testCases.TC_001_AccountRegistrationTest - ***  Starting TC_001_AccountRegistrationTest ***
00:21:58.552 [main] INFO  testCases.TC_001_AccountRegistrationTest - Clicked on My account link
00:21:59.378 [main] INFO  testCases.TC_001_AccountRegistrationTest - Clicked on register link
00:21:59.382 [main] INFO  testCases.TC_001_AccountRegistrationTest - Providing customer data
00:22:03.447 [main] INFO  testCases.TC_001_AccountRegistrationTest - Clicked on continue
00:22:03.498 [main] INFO  testCases.TC_001_AccountRegistrationTest - Validating expected message
00:22:09.338 [main] INFO  testCases.TC_002_LoginTest - Starting TC_002_LoginTest
00:22:11.828 [main] INFO  testCases.TC_002_LoginTest - clicked on my account
00:22:12.721 [main] INFO  testCases.TC_002_LoginTest - clicked on login link
00:22:14.399 [main] INFO  testCases.TC_002_LoginTest - clicked on login button
00:22:14.474 [main] INFO  testCases.TC_002_LoginTest -  Finished TC_002_LoginTest
00:22:22.566 [main] INFO  testCases.TC_003_LoginDataDrivenTest -  Starting TC_003_LoginDataDrivenTest 
00:22:22.814 [main] INFO  testCases.TC_003_LoginDataDrivenTest -  clicked on  homepage myaccount 
00:22:23.275 [main] INFO  testCases.TC_003_LoginDataDrivenTest -  clicked on homepage login 
00:31:59.595 [main] INFO  testCases.TC_003_LoginDataDrivenTest -  Starting TC_003_LoginDataDrivenTest 
00:31:59.796 [main] INFO  testCases.TC_003_LoginDataDrivenTest -  clicked on  homepage myaccount 
00:32:01.149 [main] INFO  testCases.TC_003_LoginDataDrivenTest -  clicked on homepage login 
00:32:03.020 [main] INFO  testCases.TC_003_LoginDataDrivenTest -  clicked on loginpage login 
00:32:13.130 [main] INFO  testCases.TC_003_LoginDataDrivenTest -  Finished TC_003_LoginDataDrivenTest
00:32:13.171 [main] INFO  testCases.TC_003_LoginDataDrivenTest -  Starting TC_003_LoginDataDrivenTest 
00:32:13.271 [main] INFO  testCases.TC_003_LoginDataDrivenTest -  clicked on  homepage myaccount 
00:32:14.103 [main] INFO  testCases.TC_003_LoginDataDrivenTest -  clicked on homepage login 
00:32:15.326 [main] INFO  testCases.TC_003_LoginDataDrivenTest -  clicked on loginpage login 
00:32:25.346 [main] INFO  testCases.TC_003_LoginDataDrivenTest -  Finished TC_003_LoginDataDrivenTest
00:33:49.204 [main] INFO  testCases.TC_001_AccountRegistrationTest - ***  Starting TC_001_AccountRegistrationTest ***
00:33:50.797 [main] INFO  testCases.TC_001_AccountRegistrationTest - Clicked on My account link
00:33:52.268 [main] INFO  testCases.TC_001_AccountRegistrationTest - Clicked on register link
00:33:52.282 [main] INFO  testCases.TC_001_AccountRegistrationTest - Providing customer data
00:33:56.328 [main] INFO  testCases.TC_001_AccountRegistrationTest - Clicked on continue
00:33:56.380 [main] INFO  testCases.TC_001_AccountRegistrationTest - Validating expected message
00:33:56.386 [main] INFO  testCases.TC_001_AccountRegistrationTest - ***  Finished TC_001_AccountRegistrationTest ***
00:34:04.171 [main] INFO  testCases.TC_002_LoginTest - Starting TC_002_LoginTest
00:34:06.503 [main] INFO  testCases.TC_002_LoginTest - clicked on my account
00:34:07.584 [main] INFO  testCases.TC_002_LoginTest - clicked on login link
00:34:09.120 [main] INFO  testCases.TC_002_LoginTest - clicked on login button
00:36:48.105 [main] INFO  testCases.TC_001_AccountRegistrationTest - ***  Starting TC_001_AccountRegistrationTest ***
00:36:49.868 [main] INFO  testCases.TC_001_AccountRegistrationTest - Clicked on My account link
00:36:51.027 [main] INFO  testCases.TC_001_AccountRegistrationTest - Clicked on register link
00:36:51.034 [main] INFO  testCases.TC_001_AccountRegistrationTest - Providing customer data
00:36:55.192 [main] INFO  testCases.TC_001_AccountRegistrationTest - Clicked on continue
00:36:55.243 [main] INFO  testCases.TC_001_AccountRegistrationTest - Validating expected message
00:36:55.250 [main] INFO  testCases.TC_001_AccountRegistrationTest - ***  Finished TC_001_AccountRegistrationTest ***
00:37:02.072 [main] INFO  testCases.TC_002_LoginTest - Starting TC_002_LoginTest
00:37:06.270 [main] INFO  testCases.TC_002_LoginTest - clicked on my account
00:37:07.053 [main] INFO  testCases.TC_002_LoginTest - clicked on login link
00:37:08.128 [main] INFO  testCases.TC_002_LoginTest - clicked on login button
01:03:01.657 [main] INFO  testCases.TC_001_AccountRegistrationTest - ***  Starting TC_001_AccountRegistrationTest ***
01:03:02.766 [main] INFO  testCases.TC_001_AccountRegistrationTest - Clicked on My account link
01:03:03.730 [main] INFO  testCases.TC_001_AccountRegistrationTest - Clicked on register link
01:03:03.736 [main] INFO  testCases.TC_001_AccountRegistrationTest - Providing customer data
01:03:07.852 [main] INFO  testCases.TC_001_AccountRegistrationTest - Clicked on continue
01:03:07.905 [main] INFO  testCases.TC_001_AccountRegistrationTest - Validating expected message
01:03:07.911 [main] INFO  testCases.TC_001_AccountRegistrationTest - ***  Finished TC_001_AccountRegistrationTest ***
01:03:14.312 [main] INFO  testCases.TC_002_LoginTest - Starting TC_002_LoginTest
01:03:15.653 [main] INFO  testCases.TC_002_LoginTest - clicked on my account
01:03:16.379 [main] INFO  testCases.TC_002_LoginTest - clicked on login link
01:03:17.430 [main] INFO  testCases.TC_002_LoginTest - clicked on login button
01:09:54.826 [main] INFO  testCases.TC_001_AccountRegistrationTest - ***  Starting TC_001_AccountRegistrationTest ***
01:09:55.661 [main] INFO  testCases.TC_001_AccountRegistrationTest - Clicked on My account link
01:09:56.619 [main] INFO  testCases.TC_001_AccountRegistrationTest - Clicked on register link
01:09:56.622 [main] INFO  testCases.TC_001_AccountRegistrationTest - Providing customer data
01:10:00.877 [main] INFO  testCases.TC_001_AccountRegistrationTest - Clicked on continue
01:10:00.930 [main] INFO  testCases.TC_001_AccountRegistrationTest - Validating expected message
01:10:00.935 [main] INFO  testCases.TC_001_AccountRegistrationTest - ***  Finished TC_001_AccountRegistrationTest ***
01:10:08.555 [main] INFO  testCases.TC_002_LoginTest - Starting TC_002_LoginTest
01:10:13.236 [main] INFO  testCases.TC_002_LoginTest - clicked on my account
01:10:14.285 [main] INFO  testCases.TC_002_LoginTest - clicked on login link
01:10:15.649 [main] INFO  testCases.TC_002_LoginTest - clicked on login button
01:11:48.065 [main] INFO  testCases.TC_001_AccountRegistrationTest - ***  Starting TC_001_AccountRegistrationTest ***
01:11:49.117 [main] INFO  testCases.TC_001_AccountRegistrationTest - Clicked on My account link
01:11:49.892 [main] INFO  testCases.TC_001_AccountRegistrationTest - Clicked on register link
01:11:49.897 [main] INFO  testCases.TC_001_AccountRegistrationTest - Providing customer data
01:11:54.415 [main] INFO  testCases.TC_001_AccountRegistrationTest - Clicked on continue
01:11:54.591 [main] INFO  testCases.TC_001_AccountRegistrationTest - Validating expected message
01:11:54.596 [main] INFO  testCases.TC_001_AccountRegistrationTest - ***  Finished TC_001_AccountRegistrationTest ***
01:12:01.574 [main] INFO  testCases.TC_002_LoginTest - Starting TC_002_LoginTest
01:12:05.026 [main] INFO  testCases.TC_002_LoginTest - clicked on my account
01:12:05.879 [main] INFO  testCases.TC_002_LoginTest - clicked on login link
01:12:07.261 [main] INFO  testCases.TC_002_LoginTest - clicked on login button
01:12:07.340 [main] INFO  testCases.TC_002_LoginTest -  Finished TC_002_LoginTest
15:20:34.842 [main] INFO  testCases.TC_002_LoginTest - Starting TC_002_LoginTest
15:20:36.469 [main] INFO  testCases.TC_002_LoginTest - clicked on my account
15:20:49.437 [main] INFO  testCases.TC_002_LoginTest - clicked on login link
15:20:51.004 [main] INFO  testCases.TC_002_LoginTest - clicked on login button
15:20:51.103 [main] INFO  testCases.TC_002_LoginTest -  Finished TC_002_LoginTest
15:21:41.105 [main] INFO  testCases.TC_001_AccountRegistrationTest - ***  Starting TC_001_AccountRegistrationTest ***
15:21:42.346 [main] INFO  testCases.TC_001_AccountRegistrationTest - Clicked on My account link
15:21:46.742 [main] INFO  testCases.TC_001_AccountRegistrationTest - Clicked on register link
15:21:46.826 [main] INFO  testCases.TC_001_AccountRegistrationTest - Providing customer data
15:21:51.125 [main] INFO  testCases.TC_001_AccountRegistrationTest - Clicked on continue
15:21:51.325 [main] INFO  testCases.TC_001_AccountRegistrationTest - Validating expected message
15:21:51.330 [main] INFO  testCases.TC_001_AccountRegistrationTest - ***  Finished TC_001_AccountRegistrationTest ***
15:21:56.848 [main] INFO  testCases.TC_002_LoginTest - Starting TC_002_LoginTest
15:21:58.431 [main] INFO  testCases.TC_002_LoginTest - clicked on my account
15:21:59.533 [main] INFO  testCases.TC_002_LoginTest - clicked on login link
15:22:01.048 [main] INFO  testCases.TC_002_LoginTest - clicked on login button
15:22:01.122 [main] INFO  testCases.TC_002_LoginTest -  Finished TC_002_LoginTest
15:24:00.551 [main] INFO  testCases.TC_001_AccountRegistrationTest - ***  Starting TC_001_AccountRegistrationTest ***
15:24:00.898 [main] INFO  testCases.TC_001_AccountRegistrationTest - Clicked on My account link
15:24:01.771 [main] INFO  testCases.TC_001_AccountRegistrationTest - Clicked on register link
15:24:01.797 [main] INFO  testCases.TC_001_AccountRegistrationTest - Providing customer data
15:24:06.499 [main] INFO  testCases.TC_001_AccountRegistrationTest - Clicked on continue
15:24:06.554 [main] INFO  testCases.TC_001_AccountRegistrationTest - Validating expected message
15:24:06.558 [main] INFO  testCases.TC_001_AccountRegistrationTest - ***  Finished TC_001_AccountRegistrationTest ***
15:24:23.561 [main] INFO  testCases.TC_002_LoginTest - Starting TC_002_LoginTest
15:24:25.134 [main] INFO  testCases.TC_002_LoginTest - clicked on my account
15:24:26.519 [main] INFO  testCases.TC_002_LoginTest - clicked on login link
15:24:28.129 [main] INFO  testCases.TC_002_LoginTest - clicked on login button
15:24:28.229 [main] INFO  testCases.TC_002_LoginTest -  Finished TC_002_LoginTest
15:26:34.922 [main] INFO  testCases.TC_001_AccountRegistrationTest - ***  Starting TC_001_AccountRegistrationTest ***
15:26:35.404 [main] INFO  testCases.TC_001_AccountRegistrationTest - Clicked on My account link
15:26:36.495 [main] INFO  testCases.TC_001_AccountRegistrationTest - Clicked on register link
15:26:36.508 [main] INFO  testCases.TC_001_AccountRegistrationTest - Providing customer data
15:26:41.009 [main] INFO  testCases.TC_001_AccountRegistrationTest - Clicked on continue
15:26:41.088 [main] INFO  testCases.TC_001_AccountRegistrationTest - Validating expected message
15:26:41.093 [main] INFO  testCases.TC_001_AccountRegistrationTest - ***  Finished TC_001_AccountRegistrationTest ***
15:26:46.394 [main] INFO  testCases.TC_002_LoginTest - Starting TC_002_LoginTest
15:26:46.671 [main] INFO  testCases.TC_002_LoginTest - clicked on my account
15:26:47.369 [main] INFO  testCases.TC_002_LoginTest - clicked on login link
15:26:49.386 [main] INFO  testCases.TC_002_LoginTest - clicked on login button
15:26:49.494 [main] INFO  testCases.TC_002_LoginTest -  Finished TC_002_LoginTest
17:46:42.587 [main] INFO  testCases.TC_001_AccountRegistrationTest - ***  Starting TC_001_AccountRegistrationTest ***
17:46:50.858 [main] INFO  testCases.TC_001_AccountRegistrationTest - Clicked on My account link
17:46:54.658 [main] INFO  testCases.TC_001_AccountRegistrationTest - Clicked on register link
17:46:54.776 [main] INFO  testCases.TC_001_AccountRegistrationTest - Providing customer data
17:47:00.558 [main] INFO  testCases.TC_001_AccountRegistrationTest - Clicked on continue
17:47:00.642 [main] INFO  testCases.TC_001_AccountRegistrationTest - Validating expected message
17:47:00.645 [main] INFO  testCases.TC_001_AccountRegistrationTest - ***  Finished TC_001_AccountRegistrationTest ***
17:47:08.868 [main] INFO  testCases.TC_002_LoginTest - Starting TC_002_LoginTest
17:47:11.185 [main] INFO  testCases.TC_002_LoginTest - clicked on my account
17:47:12.300 [main] INFO  testCases.TC_002_LoginTest - clicked on login link
17:47:14.186 [main] INFO  testCases.TC_002_LoginTest - clicked on login button
17:47:14.321 [main] INFO  testCases.TC_002_LoginTest -  Finished TC_002_LoginTest
14:50:01.976 [main] INFO  testCases.TC_001_AccountRegistrationTest - ***  Starting TC_001_AccountRegistrationTest ***
14:50:05.648 [main] INFO  testCases.TC_001_AccountRegistrationTest - Clicked on My account link
14:50:07.002 [main] INFO  testCases.TC_001_AccountRegistrationTest - Clicked on register link
14:50:07.106 [main] INFO  testCases.TC_001_AccountRegistrationTest - Providing customer data
14:50:13.259 [main] INFO  testCases.TC_001_AccountRegistrationTest - Clicked on continue
14:50:13.345 [main] INFO  testCases.TC_001_AccountRegistrationTest - Validating expected message
14:50:13.350 [main] INFO  testCases.TC_001_AccountRegistrationTest - ***  Finished TC_001_AccountRegistrationTest ***
14:50:26.332 [main] INFO  testCases.TC_002_LoginTest - Starting TC_002_LoginTest
14:50:33.736 [main] INFO  testCases.TC_002_LoginTest - clicked on my account
14:50:34.513 [main] INFO  testCases.TC_002_LoginTest - clicked on login link
14:50:36.413 [main] INFO  testCases.TC_002_LoginTest - clicked on login button
14:50:36.721 [main] INFO  testCases.TC_002_LoginTest -  Finished TC_002_LoginTest
15:06:00.675 [main] INFO  testCases.TC_001_AccountRegistrationTest - ***  Starting TC_001_AccountRegistrationTest ***
15:06:02.316 [main] INFO  testCases.TC_001_AccountRegistrationTest - Clicked on My account link
15:06:04.027 [main] INFO  testCases.TC_001_AccountRegistrationTest - Clicked on register link
15:06:04.029 [main] INFO  testCases.TC_001_AccountRegistrationTest - Providing customer data
15:06:08.626 [main] INFO  testCases.TC_001_AccountRegistrationTest - Clicked on continue
15:06:08.702 [main] INFO  testCases.TC_001_AccountRegistrationTest - Validating expected message
15:06:08.707 [main] INFO  testCases.TC_001_AccountRegistrationTest - ***  Finished TC_001_AccountRegistrationTest ***
15:06:16.869 [main] INFO  testCases.TC_002_LoginTest - Starting TC_002_LoginTest
15:06:18.518 [main] INFO  testCases.TC_002_LoginTest - clicked on my account
15:06:19.176 [main] INFO  testCases.TC_002_LoginTest - clicked on login link
15:06:20.805 [main] INFO  testCases.TC_002_LoginTest - clicked on login button
15:06:20.888 [main] INFO  testCases.TC_002_LoginTest -  Finished TC_002_LoginTest
15:06:55.382 [main] INFO  testCases.TC_001_AccountRegistrationTest - ***  Starting TC_001_AccountRegistrationTest ***
15:06:56.701 [main] INFO  testCases.TC_001_AccountRegistrationTest - Clicked on My account link
15:06:57.684 [main] INFO  testCases.TC_001_AccountRegistrationTest - Clicked on register link
15:06:57.747 [main] INFO  testCases.TC_001_AccountRegistrationTest - Providing customer data
15:07:02.804 [main] INFO  testCases.TC_001_AccountRegistrationTest - Clicked on continue
15:07:02.863 [main] INFO  testCases.TC_001_AccountRegistrationTest - Validating expected message
15:07:02.868 [main] INFO  testCases.TC_001_AccountRegistrationTest - ***  Finished TC_001_AccountRegistrationTest ***
15:07:09.887 [main] INFO  testCases.TC_002_LoginTest - Starting TC_002_LoginTest
15:07:11.152 [main] INFO  testCases.TC_002_LoginTest - clicked on my account
15:07:11.924 [main] INFO  testCases.TC_002_LoginTest - clicked on login link
15:07:13.277 [main] INFO  testCases.TC_002_LoginTest - clicked on login button
15:07:13.411 [main] INFO  testCases.TC_002_LoginTest -  Finished TC_002_LoginTest
15:49:16.362 [main] INFO  testCases.TC_001_AccountRegistrationTest - ***  Starting TC_001_AccountRegistrationTest ***
15:49:17.609 [main] INFO  testCases.TC_001_AccountRegistrationTest - Clicked on My account link
15:49:18.783 [main] INFO  testCases.TC_001_AccountRegistrationTest - Clicked on register link
15:49:18.786 [main] INFO  testCases.TC_001_AccountRegistrationTest - Providing customer data
15:49:23.470 [main] INFO  testCases.TC_001_AccountRegistrationTest - Clicked on continue
15:49:23.548 [main] INFO  testCases.TC_001_AccountRegistrationTest - Validating expected message
15:49:23.552 [main] INFO  testCases.TC_001_AccountRegistrationTest - ***  Finished TC_001_AccountRegistrationTest ***
15:49:31.124 [main] INFO  testCases.TC_002_LoginTest - Starting TC_002_LoginTest
15:49:31.215 [main] INFO  testCases.TC_002_LoginTest - clicked on my account
15:49:32.004 [main] INFO  testCases.TC_002_LoginTest - clicked on login link
15:49:34.102 [main] INFO  testCases.TC_002_LoginTest - clicked on login button
15:49:34.216 [main] INFO  testCases.TC_002_LoginTest -  Finished TC_002_LoginTest
15:53:43.152 [main] INFO  testCases.TC_001_AccountRegistrationTest - ***  Starting TC_001_AccountRegistrationTest ***
15:53:43.441 [main] INFO  testCases.TC_001_AccountRegistrationTest - Clicked on My account link
15:53:44.300 [main] INFO  testCases.TC_001_AccountRegistrationTest - Clicked on register link
15:53:44.306 [main] INFO  testCases.TC_001_AccountRegistrationTest - Providing customer data
15:53:48.740 [main] INFO  testCases.TC_001_AccountRegistrationTest - Clicked on continue
15:53:48.799 [main] INFO  testCases.TC_001_AccountRegistrationTest - Validating expected message
15:53:48.804 [main] INFO  testCases.TC_001_AccountRegistrationTest - ***  Finished TC_001_AccountRegistrationTest ***
15:55:15.180 [main] INFO  testCases.TC_001_AccountRegistrationTest - ***  Starting TC_001_AccountRegistrationTest ***
15:55:18.906 [main] INFO  testCases.TC_001_AccountRegistrationTest - Clicked on My account link
15:55:20.456 [main] INFO  testCases.TC_001_AccountRegistrationTest - Clicked on register link
15:55:20.559 [main] INFO  testCases.TC_001_AccountRegistrationTest - Providing customer data
15:55:27.524 [main] INFO  testCases.TC_001_AccountRegistrationTest - Clicked on continue
15:55:27.580 [main] INFO  testCases.TC_001_AccountRegistrationTest - Validating expected message
15:55:27.583 [main] INFO  testCases.TC_001_AccountRegistrationTest - ***  Finished TC_001_AccountRegistrationTest ***
15:55:37.267 [main] INFO  testCases.TC_002_LoginTest - Starting TC_002_LoginTest
15:55:38.538 [main] INFO  testCases.TC_002_LoginTest - clicked on my account
15:55:39.204 [main] INFO  testCases.TC_002_LoginTest - clicked on login link
15:55:40.552 [main] INFO  testCases.TC_002_LoginTest - clicked on login button
15:55:40.624 [main] INFO  testCases.TC_002_LoginTest -  Finished TC_002_LoginTest
15:56:27.575 [main] INFO  testCases.TC_001_AccountRegistrationTest - ***  Starting TC_001_AccountRegistrationTest ***
15:56:28.434 [main] INFO  testCases.TC_001_AccountRegistrationTest - Clicked on My account link
15:56:29.597 [main] INFO  testCases.TC_001_AccountRegistrationTest - Clicked on register link
15:56:29.660 [main] INFO  testCases.TC_001_AccountRegistrationTest - Providing customer data
15:56:33.858 [main] INFO  testCases.TC_001_AccountRegistrationTest - Clicked on continue
15:56:33.919 [main] INFO  testCases.TC_001_AccountRegistrationTest - Validating expected message
15:56:33.923 [main] INFO  testCases.TC_001_AccountRegistrationTest - ***  Finished TC_001_AccountRegistrationTest ***
15:56:42.000 [main] INFO  testCases.TC_002_LoginTest - Starting TC_002_LoginTest
15:56:49.394 [main] INFO  testCases.TC_002_LoginTest - clicked on my account
15:56:50.015 [main] INFO  testCases.TC_002_LoginTest - clicked on login link
15:56:52.716 [main] INFO  testCases.TC_002_LoginTest - clicked on login button
15:56:52.857 [main] INFO  testCases.TC_002_LoginTest -  Finished TC_002_LoginTest
15:58:18.270 [main] INFO  testCases.TC_001_AccountRegistrationTest - ***  Starting TC_001_AccountRegistrationTest ***
15:58:19.759 [main] INFO  testCases.TC_001_AccountRegistrationTest - Clicked on My account link
15:58:20.745 [main] INFO  testCases.TC_001_AccountRegistrationTest - Clicked on register link
15:58:20.750 [main] INFO  testCases.TC_001_AccountRegistrationTest - Providing customer data
15:58:24.753 [main] INFO  testCases.TC_001_AccountRegistrationTest - Clicked on continue
15:58:24.804 [main] INFO  testCases.TC_001_AccountRegistrationTest - Validating expected message
15:58:24.808 [main] INFO  testCases.TC_001_AccountRegistrationTest - ***  Finished TC_001_AccountRegistrationTest ***
15:58:32.155 [main] INFO  testCases.TC_002_LoginTest - Starting TC_002_LoginTest
15:58:33.476 [main] INFO  testCases.TC_002_LoginTest - clicked on my account
15:58:34.237 [main] INFO  testCases.TC_002_LoginTest - clicked on login link
15:58:35.558 [main] INFO  testCases.TC_002_LoginTest - clicked on login button
15:58:35.657 [main] INFO  testCases.TC_002_LoginTest -  Finished TC_002_LoginTest
